gyp info it worked if it ends with ok
gyp info using node-gyp@9.0.0
gyp info using node@16.15.1 | darwin | x64
gyp info find Python using Python version 3.10.5 found at "/Library/Frameworks/Python.framework/Versions/3.10/bin/python3"
gyp info spawn /Library/Frameworks/Python.framework/Versions/3.10/bin/python3
gyp info spawn args [
gyp info spawn args   '/usr/local/lib/node_modules/npm/node_modules/node-gyp/gyp/gyp_main.py',
gyp info spawn args   'binding.gyp',
gyp info spawn args   '-f',
gyp info spawn args   'make',
gyp info spawn args   '-I',
gyp info spawn args   '/Users/connornail/Documents/Connor/ASU/AME598/AME494-598Project/t-watch-bno085-main/aggregator-server/node_modules/mongoskin/node_modules/bson/build/config.gypi',
gyp info spawn args   '-I',
gyp info spawn args   '/usr/local/lib/node_modules/npm/node_modules/node-gyp/addon.gypi',
gyp info spawn args   '-I',
gyp info spawn args   '/Users/connornail/Library/Caches/node-gyp/16.15.1/include/node/common.gypi',
gyp info spawn args   '-Dlibrary=shared_library',
gyp info spawn args   '-Dvisibility=default',
gyp info spawn args   '-Dnode_root_dir=/Users/connornail/Library/Caches/node-gyp/16.15.1',
gyp info spawn args   '-Dnode_gyp_dir=/usr/local/lib/node_modules/npm/node_modules/node-gyp',
gyp info spawn args   '-Dnode_lib_file=/Users/connornail/Library/Caches/node-gyp/16.15.1/<(target_arch)/node.lib',
gyp info spawn args   '-Dmodule_root_dir=/Users/connornail/Documents/Connor/ASU/AME598/AME494-598Project/t-watch-bno085-main/aggregator-server/node_modules/mongoskin/node_modules/bson',
gyp info spawn args   '-Dnode_engine=v8',
gyp info spawn args   '--depth=.',
gyp info spawn args   '--no-parallel',
gyp info spawn args   '--generator-output',
gyp info spawn args   'build',
gyp info spawn args   '-Goutput_dir=.'
gyp info spawn args ]
gyp info spawn make
gyp info spawn args [ 'BUILDTYPE=Release', '-C', 'build' ]
In file included from ../ext/bson.cc:35:
In file included from ../ext/bson.h:17:
/Users/connornail/Documents/Connor/ASU/AME598/AME494-598Project/t-watch-bno085-main/aggregator-server/node_modules/nan/nan.h:145:11: error: no template named 'Handle' in namespace 'v8'
    , v8::Handle<v8::String> opt, bool def)) {
      ~~~~^
/Users/connornail/Documents/Connor/ASU/AME598/AME494-598Project/t-watch-bno085-main/aggregator-server/node_modules/nan/nan.h:104:70: note: expanded from macro 'NAN_INLINE'
#define NAN_INLINE(declarator) inline __attribute__((always_inline)) declarator
                                                                     ^~~~~~~~~~
/Users/connornail/Documents/Connor/ASU/AME598/AME494-598Project/t-watch-bno085-main/aggregator-server/node_modules/nan/nan.h:160:11: error: no template named 'Handle' in namespace 'v8'
    , v8::Handle<v8::String> opt)) {
      ~~~~^
/Users/connornail/Documents/Connor/ASU/AME598/AME494-598Project/t-watch-bno085-main/aggregator-server/node_modules/nan/nan.h:104:70: note: expanded from macro 'NAN_INLINE'
#define NAN_INLINE(declarator) inline __attribute__((always_inline)) declarator
                                                                     ^~~~~~~~~~
/Users/connornail/Documents/Connor/ASU/AME598/AME494-598Project/t-watch-bno085-main/aggregator-server/node_modules/nan/nan.h:166:11: error: no template named 'Handle' in namespace 'v8'
    , v8::Handle<v8::String> opt
      ~~~~^
/Users/connornail/Documents/Connor/ASU/AME598/AME494-598Project/t-watch-bno085-main/aggregator-server/node_modules/nan/nan.h:104:70: note: expanded from macro 'NAN_INLINE'
#define NAN_INLINE(declarator) inline __attribute__((always_inline)) declarator
                                                                     ^~~~~~~~~~
/Users/connornail/Documents/Connor/ASU/AME598/AME494-598Project/t-watch-bno085-main/aggregator-server/node_modules/nan/nan.h:260:25: error: no template named 'Handle' in namespace 'v8'
  static NAN_INLINE(v8::Handle<v8::Value> NanError(const char* errmsg)) {
                    ~~~~^
/Users/connornail/Documents/Connor/ASU/AME598/AME494-598Project/t-watch-bno085-main/aggregator-server/node_modules/nan/nan.h:104:70: note: expanded from macro 'NAN_INLINE'
#define NAN_INLINE(declarator) inline __attribute__((always_inline)) declarator
                                                                     ^~~~~~~~~~
/Users/connornail/Documents/Connor/ASU/AME598/AME494-598Project/t-watch-bno085-main/aggregator-server/node_modules/nan/nan.h:261:12: error: no member named 'New' in 'v8::String'
   return  _NAN_ERROR(v8::Exception::Error, errmsg);
           ^~~~~~~~~~~~~~~~~~~~~~~~~~~~~~~~~~~~~~~~
/Users/connornail/Documents/Connor/ASU/AME598/AME494-598Project/t-watch-bno085-main/aggregator-server/node_modules/nan/nan.h:252:21: note: expanded from macro '_NAN_ERROR'
    fun(v8::String::New(errmsg))
        ~~~~~~~~~~~~^
/Users/connornail/Documents/Connor/ASU/AME598/AME494-598Project/t-watch-bno085-main/aggregator-server/node_modules/nan/nan.h:265:5: error: no member named 'ThrowException' in namespace 'v8'
    _NAN_THROW_ERROR(v8::Exception::Error, errmsg);
    ^~~~~~~~~~~~~~~~~~~~~~~~~~~~~~~~~~~~~~~~~~~~~~
/Users/connornail/Documents/Connor/ASU/AME598/AME494-598Project/t-watch-bno085-main/aggregator-server/node_modules/nan/nan.h:257:11: note: expanded from macro '_NAN_THROW_ERROR'
      v8::ThrowException(_NAN_ERROR(fun, errmsg));                             \
      ~~~~^
/Users/connornail/Documents/Connor/ASU/AME598/AME494-598Project/t-watch-bno085-main/aggregator-server/node_modules/nan/nan.h:265:5: error: no member named 'New' in 'v8::String'
    _NAN_THROW_ERROR(v8::Exception::Error, errmsg);
    ^~~~~~~~~~~~~~~~~~~~~~~~~~~~~~~~~~~~~~~~~~~~~~
/Users/connornail/Documents/Connor/ASU/AME598/AME494-598Project/t-watch-bno085-main/aggregator-server/node_modules/nan/nan.h:257:26: note: expanded from macro '_NAN_THROW_ERROR'
      v8::ThrowException(_NAN_ERROR(fun, errmsg));                             \
                         ^~~~~~~~~~~~~~~~~~~~~~~
/Users/connornail/Documents/Connor/ASU/AME598/AME494-598Project/t-watch-bno085-main/aggregator-server/node_modules/nan/nan.h:252:21: note: expanded from macro '_NAN_ERROR'
    fun(v8::String::New(errmsg))
        ~~~~~~~~~~~~^
/Users/connornail/Documents/Connor/ASU/AME598/AME494-598Project/t-watch-bno085-main/aggregator-server/node_modules/nan/nan.h:268:10: warning: inline variables are a C++17 extension [-Wc++17-extensions]
  static NAN_INLINE(void NanThrowError(v8::Handle<v8::Value> error)) {
         ^
/Users/connornail/Documents/Connor/ASU/AME598/AME494-598Project/t-watch-bno085-main/aggregator-server/node_modules/nan/nan.h:104:32: note: expanded from macro 'NAN_INLINE'
#define NAN_INLINE(declarator) inline __attribute__((always_inline)) declarator
                               ^
/Users/connornail/Documents/Connor/ASU/AME598/AME494-598Project/t-watch-bno085-main/aggregator-server/node_modules/nan/nan.h:268:10: warning: 'always_inline' attribute only applies to functions [-Wignored-attributes]
/Users/connornail/Documents/Connor/ASU/AME598/AME494-598Project/t-watch-bno085-main/aggregator-server/node_modules/nan/nan.h:104:54: note: expanded from macro 'NAN_INLINE'
#define NAN_INLINE(declarator) inline __attribute__((always_inline)) declarator
                                                     ^
/Users/connornail/Documents/Connor/ASU/AME598/AME494-598Project/t-watch-bno085-main/aggregator-server/node_modules/nan/nan.h:268:26: error: variable has incomplete type 'void'
  static NAN_INLINE(void NanThrowError(v8::Handle<v8::Value> error)) {
                         ^
/Users/connornail/Documents/Connor/ASU/AME598/AME494-598Project/t-watch-bno085-main/aggregator-server/node_modules/nan/nan.h:268:44: error: no member named 'Handle' in namespace 'v8'
  static NAN_INLINE(void NanThrowError(v8::Handle<v8::Value> error)) {
                                       ~~~~^
/Users/connornail/Documents/Connor/ASU/AME598/AME494-598Project/t-watch-bno085-main/aggregator-server/node_modules/nan/nan.h:104:70: note: expanded from macro 'NAN_INLINE'
#define NAN_INLINE(declarator) inline __attribute__((always_inline)) declarator
                                                                     ^~~~~~~~~~
/Users/connornail/Documents/Connor/ASU/AME598/AME494-598Project/t-watch-bno085-main/aggregator-server/node_modules/nan/nan.h:268:60: error: expected '(' for function-style cast or type construction
  static NAN_INLINE(void NanThrowError(v8::Handle<v8::Value> error)) {
                                                  ~~~~~~~~~^
/Users/connornail/Documents/Connor/ASU/AME598/AME494-598Project/t-watch-bno085-main/aggregator-server/node_modules/nan/nan.h:104:70: note: expanded from macro 'NAN_INLINE'
#define NAN_INLINE(declarator) inline __attribute__((always_inline)) declarator
                                                                     ^~~~~~~~~~
/Users/connornail/Documents/Connor/ASU/AME598/AME494-598Project/t-watch-bno085-main/aggregator-server/node_modules/nan/nan.h:268:62: error: use of undeclared identifier 'error'
  static NAN_INLINE(void NanThrowError(v8::Handle<v8::Value> error)) {
                                                             ^
/Users/connornail/Documents/Connor/ASU/AME598/AME494-598Project/t-watch-bno085-main/aggregator-server/node_modules/nan/nan.h:268:69: error: expected ';' after top level declarator
  static NAN_INLINE(void NanThrowError(v8::Handle<v8::Value> error)) {
                                                                    ^
                                                                    ;
/Users/connornail/Documents/Connor/ASU/AME598/AME494-598Project/t-watch-bno085-main/aggregator-server/node_modules/nan/nan.h:583:19: error: unknown type name 'NanCallback'
  NanAsyncWorker (NanCallback *callback) : callback(callback) {
                  ^
/Users/connornail/Documents/Connor/ASU/AME598/AME494-598Project/t-watch-bno085-main/aggregator-server/node_modules/nan/nan.h:616:3: error: unknown type name 'NanCallback'
  NanCallback *callback;
  ^
/Users/connornail/Documents/Connor/ASU/AME598/AME494-598Project/t-watch-bno085-main/aggregator-server/node_modules/nan/nan.h:592:7: error: use of undeclared identifier 'NanDispose'
      NanDispose(persistentHandle);
      ^
/Users/connornail/Documents/Connor/ASU/AME598/AME494-598Project/t-watch-bno085-main/aggregator-server/node_modules/nan/nan.h:622:36: error: use of undeclared identifier 'NanPersistentToLocal'
    v8::Local<v8::Object> handle = NanPersistentToLocal(persistentHandle);
                                   ^
/Users/connornail/Documents/Connor/ASU/AME598/AME494-598Project/t-watch-bno085-main/aggregator-server/node_modules/nan/nan.h:623:17: error: no member named 'NewSymbol' in 'v8::String'
    handle->Set(NanSymbol(key), obj);
                ^~~~~~~~~~~~~~
/Users/connornail/Documents/Connor/ASU/AME598/AME494-598Project/t-watch-bno085-main/aggregator-server/node_modules/nan/nan.h:141:38: note: expanded from macro 'NanSymbol'
#define NanSymbol(value) v8::String::NewSymbol(value)
                         ~~~~~~~~~~~~^
/Users/connornail/Documents/Connor/ASU/AME598/AME494-598Project/t-watch-bno085-main/aggregator-server/node_modules/nan/nan.h:629:36: error: use of undeclared identifier 'NanPersistentToLocal'
    v8::Local<v8::Object> handle = NanPersistentToLocal(persistentHandle);
                                   ^
/Users/connornail/Documents/Connor/ASU/AME598/AME494-598Project/t-watch-bno085-main/aggregator-server/node_modules/nan/nan.h:630:24: error: no member named 'NewSymbol' in 'v8::String'
    return handle->Get(NanSymbol(key)).As<v8::Object>();
                       ^~~~~~~~~~~~~~
/Users/connornail/Documents/Connor/ASU/AME598/AME494-598Project/t-watch-bno085-main/aggregator-server/node_modules/nan/nan.h:141:38: note: expanded from macro 'NanSymbol'
#define NanSymbol(value) v8::String::NewSymbol(value)
                         ~~~~~~~~~~~~^
fatal error: too many errors emitted, stopping now [-ferror-limit=]
2 warnings and 20 errors generated.
make: *** [Release/obj.target/bson/ext/bson.o] Error 1
gyp ERR! build error 
gyp ERR! stack Error: `make` failed with exit code: 2
gyp ERR! stack     at ChildProcess.onExit (/usr/local/lib/node_modules/npm/node_modules/node-gyp/lib/build.js:194:23)
gyp ERR! stack     at ChildProcess.emit (node:events:527:28)
gyp ERR! stack     at Process.ChildProcess._handle.onexit (node:internal/child_process:291:12)
gyp ERR! System Darwin 20.3.0
gyp ERR! command "/usr/local/bin/node" "/usr/local/lib/node_modules/npm/node_modules/node-gyp/bin/node-gyp.js" "rebuild"
gyp ERR! cwd /Users/connornail/Documents/Connor/ASU/AME598/AME494-598Project/t-watch-bno085-main/aggregator-server/node_modules/mongoskin/node_modules/bson
gyp ERR! node -v v16.15.1
gyp ERR! node-gyp -v v9.0.0
gyp ERR! not ok 
